{"contracts\\StaffSalaryManager.sol":{"l":{"12":1,"16":3,"17":3,"26":3,"31":3,"33":3,"34":0,"36":3,"38":0,"41":3,"42":0,"44":0,"47":3,"48":3,"54":1,"58":2,"65":0,"70":0,"71":0,"72":0,"74":0,"75":0,"80":0},"path":"C:\\Users\\pc\\Desktop\\code\\Web3bridge-Web3-Cohort-XIII\\onsite-program\\submissions\\week-4\\day-6\\day-6-task-1\\Kator-Agashua\\contracts\\StaffSalaryManager.sol","s":{"1":3,"2":3,"3":3,"4":3,"5":3,"6":3,"7":3,"8":3,"9":1,"10":2,"11":0,"12":0,"13":0,"14":0,"15":0,"16":0},"b":{"1":[3,0],"2":[3,0],"3":[3,0],"4":[0,3],"5":[3,0],"6":[0,3],"7":[0,3],"8":[0,0],"9":[0,0],"10":[0,0],"11":[0,0]},"f":{"1":1,"2":3,"3":3,"4":1,"5":2,"6":0,"7":0},"fnMap":{"1":{"name":"constructor","line":11,"loc":{"start":{"line":11,"column":4},"end":{"line":13,"column":4}}},"2":{"name":"onlyOwner","line":15,"loc":{"start":{"line":15,"column":4},"end":{"line":18,"column":4}}},"3":{"name":"addStaff","line":25,"loc":{"start":{"line":20,"column":4},"end":{"line":49,"column":4}}},"4":{"name":"getStaff","line":51,"loc":{"start":{"line":51,"column":4},"end":{"line":55,"column":4}}},"5":{"name":"getTotalStaffs","line":57,"loc":{"start":{"line":57,"column":4},"end":{"line":59,"column":4}}},"6":{"name":"updateStaffStatus","line":64,"loc":{"start":{"line":61,"column":4},"end":{"line":66,"column":4}}},"7":{"name":"paySalary","line":69,"loc":{"start":{"line":69,"column":4},"end":{"line":81,"column":4}}}},"statementMap":{"1":{"start":{"line":16,"column":8},"end":{"line":16,"column":53}},"2":{"start":{"line":26,"column":8},"end":{"line":26,"column":647}},"3":{"start":{"line":31,"column":8},"end":{"line":31,"column":23}},"4":{"start":{"line":33,"column":8},"end":{"line":33,"column":801}},"5":{"start":{"line":35,"column":15},"end":{"line":35,"column":873}},"6":{"start":{"line":41,"column":8},"end":{"line":41,"column":998}},"7":{"start":{"line":43,"column":15},"end":{"line":43,"column":1078}},"8":{"start":{"line":48,"column":8},"end":{"line":48,"column":51}},"9":{"start":{"line":54,"column":8},"end":{"line":54,"column":44}},"10":{"start":{"line":58,"column":8},"end":{"line":58,"column":30}},"11":{"start":{"line":70,"column":8},"end":{"line":70,"column":58}},"12":{"start":{"line":71,"column":8},"end":{"line":71,"column":54}},"13":{"start":{"line":72,"column":8},"end":{"line":72,"column":69}},"14":{"start":{"line":74,"column":8},"end":{"line":74,"column":47}},"15":{"start":{"line":75,"column":8},"end":{"line":75,"column":2084}},"16":{"start":{"line":80,"column":8},"end":{"line":80,"column":37}}},"branchMap":{"1":{"line":16,"type":"if","locations":[{"start":{"line":16,"column":8},"end":{"line":16,"column":8}},{"start":{"line":16,"column":8},"end":{"line":16,"column":8}}]},"2":{"line":25,"type":"if","locations":[{"start":{"line":25,"column":15},"end":{"line":25,"column":15}},{"start":{"line":25,"column":15},"end":{"line":25,"column":15}}]},"3":{"line":26,"type":"if","locations":[{"start":{"line":26,"column":8},"end":{"line":26,"column":8}},{"start":{"line":26,"column":8},"end":{"line":26,"column":8}}]},"4":{"line":33,"type":"if","locations":[{"start":{"line":33,"column":8},"end":{"line":33,"column":8}},{"start":{"line":33,"column":8},"end":{"line":33,"column":8}}]},"5":{"line":35,"type":"if","locations":[{"start":{"line":35,"column":15},"end":{"line":35,"column":15}},{"start":{"line":35,"column":15},"end":{"line":35,"column":15}}]},"6":{"line":41,"type":"if","locations":[{"start":{"line":41,"column":8},"end":{"line":41,"column":8}},{"start":{"line":41,"column":8},"end":{"line":41,"column":8}}]},"7":{"line":43,"type":"if","locations":[{"start":{"line":43,"column":15},"end":{"line":43,"column":15}},{"start":{"line":43,"column":15},"end":{"line":43,"column":15}}]},"8":{"line":64,"type":"if","locations":[{"start":{"line":64,"column":15},"end":{"line":64,"column":15}},{"start":{"line":64,"column":15},"end":{"line":64,"column":15}}]},"9":{"line":71,"type":"if","locations":[{"start":{"line":71,"column":8},"end":{"line":71,"column":8}},{"start":{"line":71,"column":8},"end":{"line":71,"column":8}}]},"10":{"line":72,"type":"if","locations":[{"start":{"line":72,"column":8},"end":{"line":72,"column":8}},{"start":{"line":72,"column":8},"end":{"line":72,"column":8}}]},"11":{"line":75,"type":"if","locations":[{"start":{"line":75,"column":8},"end":{"line":75,"column":8}},{"start":{"line":75,"column":8},"end":{"line":75,"column":8}}]}}}}